Content-Type: text/plain; charset="utf-8"
MIME-Version: 1.0
Content-Transfer-Encoding: 8bit
Subject: =?utf-8?q?Contrase=C3=B1a_restablecida_en_127=2E0=2E0=2E1=3A8000?=
From: webmaster@localhost
To: cynthiariquelme86@gmail.com
Date: Wed, 19 Jan 2022 15:08:38 -0000
Message-ID: <164260491875.15072.1704016949229110624@DESKTOP-6M4K81M>


Ha recibido este correo electrónico porque ha solicitado restablecer la contraseña para su cuenta en 127.0.0.1:8000.

Por favor, vaya a la página siguiente y escoja una nueva contraseña.

http://127.0.0.1:8000/accounts/reset/MTU/azhz2e-2a388ead0fd4c597cd4b4357f799ccd6/

Su nombre de usuario, en caso de que lo haya olvidado: cyn

¡Gracias por usar nuestro sitio!

El equipo de 127.0.0.1:8000



-------------------------------------------------------------------------------
Content-Type: text/plain; charset="utf-8"
MIME-Version: 1.0
Content-Transfer-Encoding: 8bit
Subject: =?utf-8?q?Contrase=C3=B1a_restablecida_en_127=2E0=2E0=2E1=3A8000?=
From: webmaster@localhost
To: cynthiariquelme86@gmail.com
Date: Wed, 19 Jan 2022 15:08:38 -0000
Message-ID: <164260491877.15072.6590323991697877782@DESKTOP-6M4K81M>


Ha recibido este correo electrónico porque ha solicitado restablecer la contraseña para su cuenta en 127.0.0.1:8000.

Por favor, vaya a la página siguiente y escoja una nueva contraseña.

http://127.0.0.1:8000/accounts/reset/MQ/azhz2e-e046abf0ba94f6dd13e007aaa4a5b5b6/

Su nombre de usuario, en caso de que lo haya olvidado: admin

¡Gracias por usar nuestro sitio!

El equipo de 127.0.0.1:8000



-------------------------------------------------------------------------------
